--------------- Clean Started: 05/24/2019 00:21:09 Project: Sensored BLDC Motor Control, Configuration: ARM GCC 5.4-2016-q2-update Debug ---------------
Deleting file ".\CortexM0\ARM_GCC_541\Debug\main.o"
Deleting file ".\CortexM0\ARM_GCC_541\Debug\getvalue.o"
Deleting file ".\CortexM0\ARM_GCC_541\Debug\speedloop.o"
Deleting file ".\CortexM0\ARM_GCC_541\Debug\userinterface.o"
Deleting file ".\CortexM0\ARM_GCC_541\Debug\motor.o"
Deleting file ".\CortexM0\ARM_GCC_541\Debug\cyfitter_cfg.o"
Deleting file ".\CortexM0\ARM_GCC_541\Debug\cymetadata.o"
Deleting file ".\CortexM0\ARM_GCC_541\Debug\clock_2.o"
Deleting file ".\CortexM0\ARM_GCC_541\Debug\isr_spd.o"
Deleting file ".\CortexM0\ARM_GCC_541\Debug\Hall_Error.o"
Deleting file ".\CortexM0\ARM_GCC_541\Debug\PWM_Drive.o"
Deleting file ".\CortexM0\ARM_GCC_541\Debug\PWM_Drive_PM.o"
Deleting file ".\CortexM0\ARM_GCC_541\Debug\isr_pwm.o"
Deleting file ".\CortexM0\ARM_GCC_541\Debug\PWMCL.o"
Deleting file ".\CortexM0\ARM_GCC_541\Debug\PWMCL_PM.o"
Deleting file ".\CortexM0\ARM_GCC_541\Debug\PWMBL.o"
Deleting file ".\CortexM0\ARM_GCC_541\Debug\PWMBL_PM.o"
Deleting file ".\CortexM0\ARM_GCC_541\Debug\PWMAL.o"
Deleting file ".\CortexM0\ARM_GCC_541\Debug\PWMAL_PM.o"
Deleting file ".\CortexM0\ARM_GCC_541\Debug\PWMCH.o"
Deleting file ".\CortexM0\ARM_GCC_541\Debug\PWMCH_PM.o"
Deleting file ".\CortexM0\ARM_GCC_541\Debug\PWMBH.o"
Deleting file ".\CortexM0\ARM_GCC_541\Debug\PWMBH_PM.o"
Deleting file ".\CortexM0\ARM_GCC_541\Debug\PWMAH.o"
Deleting file ".\CortexM0\ARM_GCC_541\Debug\PWMAH_PM.o"
Deleting file ".\CortexM0\ARM_GCC_541\Debug\Hall3.o"
Deleting file ".\CortexM0\ARM_GCC_541\Debug\Hall3_PM.o"
Deleting file ".\CortexM0\ARM_GCC_541\Debug\Hall2.o"
Deleting file ".\CortexM0\ARM_GCC_541\Debug\Hall2_PM.o"
Deleting file ".\CortexM0\ARM_GCC_541\Debug\Hall1.o"
Deleting file ".\CortexM0\ARM_GCC_541\Debug\Hall1_PM.o"
Deleting file ".\CortexM0\ARM_GCC_541\Debug\CtrlReg_Dir.o"
Deleting file ".\CortexM0\ARM_GCC_541\Debug\CtrlReg_Dir_PM.o"
Deleting file ".\CortexM0\ARM_GCC_541\Debug\CtrlReg_PWMOut.o"
Deleting file ".\CortexM0\ARM_GCC_541\Debug\CtrlReg_PWMOut_PM.o"
Deleting file ".\CortexM0\ARM_GCC_541\Debug\clock_1.o"
Deleting file ".\CortexM0\ARM_GCC_541\Debug\STATUS_LED.o"
Deleting file ".\CortexM0\ARM_GCC_541\Debug\STATUS_LED_PM.o"
Deleting file ".\CortexM0\ARM_GCC_541\Debug\UART_BCP.o"
Deleting file ".\CortexM0\ARM_GCC_541\Debug\UART_BCP_SPI_UART.o"
Deleting file ".\CortexM0\ARM_GCC_541\Debug\UART_BCP_SPI_UART_INT.o"
Deleting file ".\CortexM0\ARM_GCC_541\Debug\UART_BCP_PM.o"
Deleting file ".\CortexM0\ARM_GCC_541\Debug\UART_BCP_UART.o"
Deleting file ".\CortexM0\ARM_GCC_541\Debug\UART_BCP_BOOT.o"
Deleting file ".\CortexM0\ARM_GCC_541\Debug\UART_BCP_UART_BOOT.o"
Deleting file ".\CortexM0\ARM_GCC_541\Debug\SW2.o"
Deleting file ".\CortexM0\ARM_GCC_541\Debug\SW2_PM.o"
Deleting file ".\CortexM0\ARM_GCC_541\Debug\ADC_SAR_Seq_1.o"
Deleting file ".\CortexM0\ARM_GCC_541\Debug\ADC_SAR_Seq_1_PM.o"
Deleting file ".\CortexM0\ARM_GCC_541\Debug\ADC_SAR_Seq_1_INT.o"
Deleting file ".\CortexM0\ARM_GCC_541\Debug\IDAC_Iref.o"
Deleting file ".\CortexM0\ARM_GCC_541\Debug\IDAC_Iref_PM.o"
Deleting file ".\CortexM0\ARM_GCC_541\Debug\Pin_Ibus.o"
Deleting file ".\CortexM0\ARM_GCC_541\Debug\Pin_Ibus_PM.o"
Deleting file ".\CortexM0\ARM_GCC_541\Debug\Pin_Iref.o"
Deleting file ".\CortexM0\ARM_GCC_541\Debug\Pin_Iref_PM.o"
Deleting file ".\CortexM0\ARM_GCC_541\Debug\LPComp_OC.o"
Deleting file ".\CortexM0\ARM_GCC_541\Debug\LPComp_OC_PM.o"
Deleting file ".\CortexM0\ARM_GCC_541\Debug\isr_oc.o"
Deleting file ".\CortexM0\ARM_GCC_541\Debug\Vbus.o"
Deleting file ".\CortexM0\ARM_GCC_541\Debug\Vbus_PM.o"
Deleting file ".\CortexM0\ARM_GCC_541\Debug\Vrpm.o"
Deleting file ".\CortexM0\ARM_GCC_541\Debug\Vrpm_PM.o"
Deleting file ".\CortexM0\ARM_GCC_541\Debug\Counter_Spd.o"
Deleting file ".\CortexM0\ARM_GCC_541\Debug\Counter_Spd_PM.o"
Deleting file ".\CortexM0\ARM_GCC_541\Debug\UART_BCP_SCBCLK.o"
Deleting file ".\CortexM0\ARM_GCC_541\Debug\UART_BCP_tx.o"
Deleting file ".\CortexM0\ARM_GCC_541\Debug\UART_BCP_tx_PM.o"
Deleting file ".\CortexM0\ARM_GCC_541\Debug\UART_BCP_rx.o"
Deleting file ".\CortexM0\ARM_GCC_541\Debug\UART_BCP_rx_PM.o"
Deleting file ".\CortexM0\ARM_GCC_541\Debug\ADC_SAR_Seq_1_IRQ.o"
Deleting file ".\CortexM0\ARM_GCC_541\Debug\ADC_SAR_Seq_1_intClock.o"
Deleting file ".\CortexM0\ARM_GCC_541\Debug\cy_em_eeprom.o"
Deleting file ".\CortexM0\ARM_GCC_541\Debug\Cm0Start.o"
Deleting file ".\CortexM0\ARM_GCC_541\Debug\CyFlash.o"
Deleting file ".\CortexM0\ARM_GCC_541\Debug\CyLib.o"
Deleting file ".\CortexM0\ARM_GCC_541\Debug\cyPm.o"
Deleting file ".\CortexM0\ARM_GCC_541\Debug\cyutils.o"
Deleting file ".\CortexM0\ARM_GCC_541\Debug\CyBootAsmGnu.o"
Deleting file ".\CortexM0\ARM_GCC_541\Debug\CyLFClk.o"
Deleting file ".\CortexM0\ARM_GCC_541\Debug\UART_Pi.o"
Deleting file ".\CortexM0\ARM_GCC_541\Debug\UART_Pi_SPI_UART.o"
Deleting file ".\CortexM0\ARM_GCC_541\Debug\UART_Pi_SPI_UART_INT.o"
Deleting file ".\CortexM0\ARM_GCC_541\Debug\UART_Pi_PM.o"
Deleting file ".\CortexM0\ARM_GCC_541\Debug\UART_Pi_UART.o"
Deleting file ".\CortexM0\ARM_GCC_541\Debug\UART_Pi_BOOT.o"
Deleting file ".\CortexM0\ARM_GCC_541\Debug\UART_Pi_UART_BOOT.o"
Deleting file ".\CortexM0\ARM_GCC_541\Debug\UART_Pi_SCBCLK.o"
Deleting file ".\CortexM0\ARM_GCC_541\Debug\UART_Pi_tx.o"
Deleting file ".\CortexM0\ARM_GCC_541\Debug\UART_Pi_tx_PM.o"
Deleting file ".\CortexM0\ARM_GCC_541\Debug\UART_Pi_SCB_IRQ.o"
Deleting file ".\CortexM0\ARM_GCC_541\Debug\UART_Pi_rx.o"
Deleting file ".\CortexM0\ARM_GCC_541\Debug\UART_Pi_rx_PM.o"
Deleting file ".\CortexM0\ARM_GCC_541\Debug\Sensored BLDC Motor Control.hex"
Deleting file ".\CortexM0\ARM_GCC_541\Debug\Sensored BLDC Motor Control.elf"
Deleting file ".\CortexM0\ARM_GCC_541\Debug\Sensored BLDC Motor Control.map"
Deleting file ".\Sensored BLDC Motor Control.cycdx"
Deleting file ".\Sensored BLDC Motor Control.svd"
Deleting file ".\Sensored BLDC Motor Control.rpt"
Deleting file ".\Sensored BLDC Motor Control_timing.html"
Deleting file ".\CortexM0\ARM_GCC_541\Debug\.deps\SOURCE_C__ARM_GCC_GENERIC.P"
Deleting file ".\CortexM0\ARM_GCC_541\Debug\.deps\SOURCE_ASM__ARM_GCC_GENERIC.P"
--------------- Clean Succeeded: 05/24/2019 00:21:09 ---------------
