--------------- Build Started: 05/24/2019 00:22:04 Project: Sensored BLDC Motor Control, Configuration: ARM GCC 5.4-2016-q2-update Debug ---------------
cydsfit.exe -.appdatapath "C:\Users\Andres Elizondo\AppData\Local\Cypress Semiconductor\PSoC Creator\4.2" -.fdsnotice -.fdswarpdepfile=warp_dependencies.txt -.fdselabdepfile=elab_dependencies.txt -.fdsbldfile=generated_files.txt -.fdsreffile=referenced_files.txt -p "C:\Users\Andres Elizondo\Documents\Tec\Semestres\10 Semestre\Proyecto Robotica\ProyectoFinal\Sensored BLDC Motor Control\Sensored BLDC Motor Control.cydsn\Sensored BLDC Motor Control.cyprj" -d CY8C4245AXI-483 -s "C:\Users\Andres Elizondo\Documents\Tec\Semestres\10 Semestre\Proyecto Robotica\ProyectoFinal\Sensored BLDC Motor Control\Sensored BLDC Motor Control.cydsn\Generated_Source\PSoC4" -- -yv2 -q10 -ygs -o2 -v3 -.fftcfgtype=LE
Elaborating Design...
HDL Generation...
Synthesis...
Tech Mapping...
Info: plm.M0038: The pin named PWMCL(0) at location P3[5] prevents usage of special purposes: TCPWM[2].line_compl. (App=cydsfit)
Info: plm.M0038: The pin named PWMCL(0) at location P3[5] prevents usage of special purposes: SCB[1].spi_ssel[2]. (App=cydsfit)
Info: plm.M0038: The pin named PWMBL(0) at location P3[6] prevents usage of special purposes: TCPWM[3].line. (App=cydsfit)
Info: plm.M0038: The pin named PWMBL(0) at location P3[6] prevents usage of special purposes: SCB[1].spi_ssel[3]. (App=cydsfit)
Info: plm.M0038: The pin named PWMAL(0) at location P0[6] prevents usage of special purposes: SCB[1].spi_clk. (App=cydsfit)
Info: plm.M0038: The pin named PWMCH(0) at location P3[7] prevents usage of special purposes: TCPWM[3].line_compl. (App=cydsfit)
Info: plm.M0038: The pin named PWMBH(0) at location P2[7] prevents usage of special purposes: SARMUX[0].in[7]. (App=cydsfit)
Info: plm.M0038: The pin named PWMBH(0) at location P2[7] prevents usage of special purposes: TCPWM[1].line_compl. (App=cydsfit)
Info: plm.M0038: The pin named PWMAH(0) at location P3[4] prevents usage of special purposes: TCPWM[2].line. (App=cydsfit)
Info: plm.M0038: The pin named PWMAH(0) at location P3[4] prevents usage of special purposes: SCB[1].spi_ssel[1]. (App=cydsfit)
Analog Placement...
Info: plm.M0038: The pin named STATUS_LED(0) at location [IOP=(0)][IoId=(2)] prevents usage of special purposes: F(LPCOMP,1). (App=cydsfit)
Info: plm.M0038: The pin named SW2(0) at location [IOP=(0)][IoId=(3)] prevents usage of special purposes: F(LPCOMP,1). (App=cydsfit)
Analog Routing...
Analog Code Generation...
Digital Placement...
Digital Routing...
Bitstream Generation...
Bitstream Verification...
Static timing analysis...
API Generation...
Dependency Generation...
Cleanup...
--------------- Build Succeeded: 05/24/2019 00:22:16 ---------------
