ARM GAS  C:\Users\ANDRES~1\AppData\Local\Temp\cc7eqswK.s 			page 1


   1              		.syntax unified
   2              		.cpu cortex-m0
   3              		.fpu softvfp
   4              		.eabi_attribute 20, 1
   5              		.eabi_attribute 21, 1
   6              		.eabi_attribute 23, 3
   7              		.eabi_attribute 24, 1
   8              		.eabi_attribute 25, 1
   9              		.eabi_attribute 26, 1
  10              		.eabi_attribute 30, 6
  11              		.eabi_attribute 34, 0
  12              		.eabi_attribute 18, 4
  13              		.thumb
  14              		.syntax unified
  15              		.file	"speedloop.c"
  16              		.text
  17              	.Ltext0:
  18              		.cfi_sections	.debug_frame
  19              		.global	piOut
  20              		.data
  21              		.align	2
  22              		.type	piOut, %object
  23              		.size	piOut, 4
  24              	piOut:
  25 0000 00000500 		.word	327680
  26              		.section	.text.SpeedPID,"ax",%progbits
  27              		.align	2
  28              		.global	SpeedPID
  29              		.code	16
  30              		.thumb_func
  31              		.type	SpeedPID, %function
  32              	SpeedPID:
  33              	.LFB32:
  34              		.file 1 "speedloop.c"
   1:speedloop.c   **** /*******************************************************************************
   2:speedloop.c   **** * Project Name		: Sensored BLDC Motor Control
   3:speedloop.c   **** * File Name			: speedloop.c
   4:speedloop.c   **** * Version			: 1.0
   5:speedloop.c   **** * Device Used		: CY8C4245AXI-483     
   6:speedloop.c   **** * Software Used		: PSoC Creator 4.2
   7:speedloop.c   **** * Compiler Used		: ARM GCC 5.4.1 
   8:speedloop.c   **** * Related Hardware  : CY8CKIT-042 PSoC 4 Pioneer Kit + CY8CKIT-037 PSoC 4
   9:speedloop.c   **** *                     Motor Control Evaluation Kit
  10:speedloop.c   **** ******************************************************************************
  11:speedloop.c   **** * Copyright (2018), Cypress Semiconductor Corporation. All rights reserved.
  12:speedloop.c   **** *******************************************************************************
  13:speedloop.c   **** * This software, including source code, documentation and related materials
  14:speedloop.c   **** * (“Software”), is owned by Cypress Semiconductor Corporation or one of its
  15:speedloop.c   **** * subsidiaries (“Cypress”) and is protected by and subject to worldwide patent
  16:speedloop.c   **** * protection (United States and foreign), United States copyright laws and
  17:speedloop.c   **** * international treaty provisions. Therefore, you may use this Software only
  18:speedloop.c   **** * as provided in the license agreement accompanying the software package from
  19:speedloop.c   **** * which you obtained this Software (“EULA”).
  20:speedloop.c   **** *
  21:speedloop.c   **** * If no EULA applies, Cypress hereby grants you a personal, nonexclusive,
  22:speedloop.c   **** * non-transferable license to copy, modify, and compile the Software source
  23:speedloop.c   **** * code solely for use in connection with Cypress’s integrated circuit products.
ARM GAS  C:\Users\ANDRES~1\AppData\Local\Temp\cc7eqswK.s 			page 2


  24:speedloop.c   **** * Any reproduction, modification, translation, compilation, or representation
  25:speedloop.c   **** * of this Software except as specified above is prohibited without the express
  26:speedloop.c   **** * written permission of Cypress.
  27:speedloop.c   **** *
  28:speedloop.c   **** * Disclaimer: THIS SOFTWARE IS PROVIDED AS-IS, WITH NO WARRANTY OF ANY KIND, 
  29:speedloop.c   **** * EXPRESS OR IMPLIED, INCLUDING, BUT NOT LIMITED TO, NONINFRINGEMENT, IMPLIED 
  30:speedloop.c   **** * WARRANTIES OF MERCHANTABILITY AND FITNESS FOR A PARTICULAR PURPOSE. Cypress 
  31:speedloop.c   **** * reserves the right to make changes to the Software without notice. Cypress 
  32:speedloop.c   **** * does not assume any liability arising out of the application or use of the 
  33:speedloop.c   **** * Software or any product or circuit described in the Software. Cypress does 
  34:speedloop.c   **** * not authorize its products for use in any products where a malfunction or 
  35:speedloop.c   **** * failure of the Cypress product may reasonably be expected to result in 
  36:speedloop.c   **** * significant property damage, injury or death (“High Risk Product”). By 
  37:speedloop.c   **** * including Cypress’s product in a High Risk Product, the manufacturer of such 
  38:speedloop.c   **** * system or application assumes all risk of such use and in doing so agrees to 
  39:speedloop.c   **** * indemnify Cypress against all liability.
  40:speedloop.c   **** *******************************************************************************/
  41:speedloop.c   **** #include <project.h>
  42:speedloop.c   **** #include "speed.h"
  43:speedloop.c   **** #include "motor.h"
  44:speedloop.c   **** 
  45:speedloop.c   **** int32 piOut = INIT_PIOUT;       /* 60*(1<<16)PI loop output value */
  46:speedloop.c   **** 
  47:speedloop.c   **** /*******************************************************************************
  48:speedloop.c   **** * Function Name: SpeedPID
  49:speedloop.c   **** ********************************************************************************
  50:speedloop.c   **** * Summary:
  51:speedloop.c   **** * The SpeedPID function implements PID regulator for motor speed closed loop control.. 
  52:speedloop.c   **** *
  53:speedloop.c   **** * Parameters: None
  54:speedloop.c   **** *    
  55:speedloop.c   **** * Return: None
  56:speedloop.c   **** *
  57:speedloop.c   **** *******************************************************************************/
  58:speedloop.c   **** void SpeedPID(void)
  59:speedloop.c   **** {
  35              		.loc 1 59 0
  36              		.cfi_startproc
  37              		@ args = 0, pretend = 0, frame = 16
  38              		@ frame_needed = 1, uses_anonymous_args = 0
  39 0000 80B5     		push	{r7, lr}
  40              		.cfi_def_cfa_offset 8
  41              		.cfi_offset 7, -8
  42              		.cfi_offset 14, -4
  43 0002 84B0     		sub	sp, sp, #16
  44              		.cfi_def_cfa_offset 24
  45 0004 00AF     		add	r7, sp, #0
  46              		.cfi_def_cfa_register 7
  60:speedloop.c   ****     int16 speedErr;
  61:speedloop.c   ****     static int16 speedErrPrev = 0x00;
  62:speedloop.c   ****     int16 speedErr2;
  63:speedloop.c   ****     int32 result;
  64:speedloop.c   ****     uint16 kp,ki;
  65:speedloop.c   ****   
  66:speedloop.c   ****     if(speedRef > MIDDLE_SPEED_CMD) 		/* Low Speed, Low Coefficient  */
  47              		.loc 1 66 0
  48 0006 3A4B     		ldr	r3, .L6
ARM GAS  C:\Users\ANDRES~1\AppData\Local\Temp\cc7eqswK.s 			page 3


  49 0008 1B88     		ldrh	r3, [r3]
  50 000a 3A4A     		ldr	r2, .L6+4
  51 000c 9342     		cmp	r3, r2
  52 000e 0AD9     		bls	.L2
  67:speedloop.c   ****     {
  68:speedloop.c   ****         kp = UI_Data.kp;
  53              		.loc 1 68 0
  54 0010 0E23     		movs	r3, #14
  55 0012 FB18     		adds	r3, r7, r3
  56 0014 384A     		ldr	r2, .L6+8
  57 0016 D288     		ldrh	r2, [r2, #6]
  58 0018 1A80     		strh	r2, [r3]
  69:speedloop.c   ****         ki = UI_Data.ki;
  59              		.loc 1 69 0
  60 001a 0C23     		movs	r3, #12
  61 001c FB18     		adds	r3, r7, r3
  62 001e 364A     		ldr	r2, .L6+8
  63 0020 1289     		ldrh	r2, [r2, #8]
  64 0022 1A80     		strh	r2, [r3]
  65 0024 0BE0     		b	.L3
  66              	.L2:
  70:speedloop.c   ****     }
  71:speedloop.c   ****     else									/* High Speed, High Coefficient  */
  72:speedloop.c   ****     {
  73:speedloop.c   ****         kp = UI_Data.kp << 1;
  67              		.loc 1 73 0
  68 0026 344B     		ldr	r3, .L6+8
  69 0028 DB88     		ldrh	r3, [r3, #6]
  70 002a 0E22     		movs	r2, #14
  71 002c BA18     		adds	r2, r7, r2
  72 002e DB18     		adds	r3, r3, r3
  73 0030 1380     		strh	r3, [r2]
  74:speedloop.c   ****         ki = UI_Data.ki << 1;
  74              		.loc 1 74 0
  75 0032 314B     		ldr	r3, .L6+8
  76 0034 1B89     		ldrh	r3, [r3, #8]
  77 0036 0C22     		movs	r2, #12
  78 0038 BA18     		adds	r2, r7, r2
  79 003a DB18     		adds	r3, r3, r3
  80 003c 1380     		strh	r3, [r2]
  81              	.L3:
  75:speedloop.c   ****     }
  76:speedloop.c   ****    
  77:speedloop.c   ****     speedErr = speedCur - speedRef; 
  82              		.loc 1 77 0
  83 003e 2F4B     		ldr	r3, .L6+12
  84 0040 1A88     		ldrh	r2, [r3]
  85 0042 2B4B     		ldr	r3, .L6
  86 0044 1B88     		ldrh	r3, [r3]
  87 0046 D31A     		subs	r3, r2, r3
  88 0048 9AB2     		uxth	r2, r3
  89 004a 0A23     		movs	r3, #10
  90 004c FB18     		adds	r3, r7, r3
  91 004e 1A80     		strh	r2, [r3]
  78:speedloop.c   ****     
  79:speedloop.c   ****     /* Calculate output of integration */	
  80:speedloop.c   ****     result = (int32 )(speedErr * ki);		
ARM GAS  C:\Users\ANDRES~1\AppData\Local\Temp\cc7eqswK.s 			page 4


  92              		.loc 1 80 0
  93 0050 0A23     		movs	r3, #10
  94 0052 FB18     		adds	r3, r7, r3
  95 0054 0022     		movs	r2, #0
  96 0056 9B5E     		ldrsh	r3, [r3, r2]
  97 0058 0C22     		movs	r2, #12
  98 005a BA18     		adds	r2, r7, r2
  99 005c 1288     		ldrh	r2, [r2]
 100 005e 5343     		muls	r3, r2
 101 0060 7B60     		str	r3, [r7, #4]
  81:speedloop.c   **** 	piOut += result;
 102              		.loc 1 81 0
 103 0062 274B     		ldr	r3, .L6+16
 104 0064 1A68     		ldr	r2, [r3]
 105 0066 7B68     		ldr	r3, [r7, #4]
 106 0068 D218     		adds	r2, r2, r3
 107 006a 254B     		ldr	r3, .L6+16
 108 006c 1A60     		str	r2, [r3]
  82:speedloop.c   **** 	
  83:speedloop.c   ****     /* Calculate output of proportional */		
  84:speedloop.c   **** 	speedErr2 = (speedErr-speedErrPrev);			
 109              		.loc 1 84 0
 110 006e 0A23     		movs	r3, #10
 111 0070 FB18     		adds	r3, r7, r3
 112 0072 1A88     		ldrh	r2, [r3]
 113 0074 234B     		ldr	r3, .L6+20
 114 0076 0021     		movs	r1, #0
 115 0078 5B5E     		ldrsh	r3, [r3, r1]
 116 007a 9BB2     		uxth	r3, r3
 117 007c D31A     		subs	r3, r2, r3
 118 007e 9AB2     		uxth	r2, r3
 119 0080 BB1C     		adds	r3, r7, #2
 120 0082 1A80     		strh	r2, [r3]
  85:speedloop.c   **** 	speedErrPrev = speedErr;
 121              		.loc 1 85 0
 122 0084 1F4B     		ldr	r3, .L6+20
 123 0086 0A22     		movs	r2, #10
 124 0088 BA18     		adds	r2, r7, r2
 125 008a 1288     		ldrh	r2, [r2]
 126 008c 1A80     		strh	r2, [r3]
  86:speedloop.c   **** 	
  87:speedloop.c   **** 	result = (int32)(speedErr2 * kp);
 127              		.loc 1 87 0
 128 008e BB1C     		adds	r3, r7, #2
 129 0090 0022     		movs	r2, #0
 130 0092 9B5E     		ldrsh	r3, [r3, r2]
 131 0094 0E22     		movs	r2, #14
 132 0096 BA18     		adds	r2, r7, r2
 133 0098 1288     		ldrh	r2, [r2]
 134 009a 5343     		muls	r3, r2
 135 009c 7B60     		str	r3, [r7, #4]
  88:speedloop.c   **** 	piOut += result;
 136              		.loc 1 88 0
 137 009e 184B     		ldr	r3, .L6+16
 138 00a0 1A68     		ldr	r2, [r3]
 139 00a2 7B68     		ldr	r3, [r7, #4]
 140 00a4 D218     		adds	r2, r2, r3
ARM GAS  C:\Users\ANDRES~1\AppData\Local\Temp\cc7eqswK.s 			page 5


 141 00a6 164B     		ldr	r3, .L6+16
 142 00a8 1A60     		str	r2, [r3]
  89:speedloop.c   **** 	
  90:speedloop.c   **** 
  91:speedloop.c   **** 	if(piOut>PIOUT_MAX)
 143              		.loc 1 91 0
 144 00aa 154B     		ldr	r3, .L6+16
 145 00ac 1A68     		ldr	r2, [r3]
 146 00ae AA23     		movs	r3, #170
 147 00b0 1B04     		lsls	r3, r3, #16
 148 00b2 9A42     		cmp	r2, r3
 149 00b4 03DD     		ble	.L4
  92:speedloop.c   **** 		piOut= PIOUT_MAX;
 150              		.loc 1 92 0
 151 00b6 124B     		ldr	r3, .L6+16
 152 00b8 AA22     		movs	r2, #170
 153 00ba 1204     		lsls	r2, r2, #16
 154 00bc 1A60     		str	r2, [r3]
 155              	.L4:
  93:speedloop.c   ****     if(piOut<PIOUT_MIN)
 156              		.loc 1 93 0
 157 00be 104B     		ldr	r3, .L6+16
 158 00c0 1B68     		ldr	r3, [r3]
 159 00c2 114A     		ldr	r2, .L6+24
 160 00c4 9342     		cmp	r3, r2
 161 00c6 03DC     		bgt	.L5
  94:speedloop.c   **** 		piOut= PIOUT_MIN;
 162              		.loc 1 94 0
 163 00c8 0D4B     		ldr	r3, .L6+16
 164 00ca 8022     		movs	r2, #128
 165 00cc 5203     		lsls	r2, r2, #13
 166 00ce 1A60     		str	r2, [r3]
 167              	.L5:
  95:speedloop.c   **** 				
  96:speedloop.c   **** 	dutyCycle = piOut>>16;  
 168              		.loc 1 96 0
 169 00d0 0B4B     		ldr	r3, .L6+16
 170 00d2 1B68     		ldr	r3, [r3]
 171 00d4 1B14     		asrs	r3, r3, #16
 172 00d6 DAB2     		uxtb	r2, r3
 173 00d8 0C4B     		ldr	r3, .L6+28
 174 00da 1A70     		strb	r2, [r3]
  97:speedloop.c   **** 
  98:speedloop.c   **** 	PWM_Drive_WriteCompare(dutyCycle);
 175              		.loc 1 98 0
 176 00dc 0B4B     		ldr	r3, .L6+28
 177 00de 1B78     		ldrb	r3, [r3]
 178 00e0 1800     		movs	r0, r3
 179 00e2 FFF7FEFF 		bl	PWM_Drive_WriteCompare
  99:speedloop.c   **** }
 180              		.loc 1 99 0
 181 00e6 C046     		nop
 182 00e8 BD46     		mov	sp, r7
 183 00ea 04B0     		add	sp, sp, #16
 184              		@ sp needed
 185 00ec 80BD     		pop	{r7, pc}
 186              	.L7:
ARM GAS  C:\Users\ANDRES~1\AppData\Local\Temp\cc7eqswK.s 			page 6


 187 00ee C046     		.align	2
 188              	.L6:
 189 00f0 00000000 		.word	speedRef
 190 00f4 EE020000 		.word	750
 191 00f8 00000000 		.word	UI_Data
 192 00fc 00000000 		.word	speedCur
 193 0100 00000000 		.word	piOut
 194 0104 00000000 		.word	speedErrPrev.6319
 195 0108 FFFF0F00 		.word	1048575
 196 010c 00000000 		.word	dutyCycle
 197              		.cfi_endproc
 198              	.LFE32:
 199              		.size	SpeedPID, .-SpeedPID
 200              		.bss
 201              		.align	1
 202              	speedErrPrev.6319:
 203 0000 0000     		.space	2
 204              		.text
 205              	.Letext0:
 206              		.file 2 "Generated_Source\\PSoC4/cytypes.h"
 207              		.file 3 "motor.h"
 208              		.section	.debug_info,"",%progbits
 209              	.Ldebug_info0:
 210 0000 E1010000 		.4byte	0x1e1
 211 0004 0400     		.2byte	0x4
 212 0006 00000000 		.4byte	.Ldebug_abbrev0
 213 000a 04       		.byte	0x4
 214 000b 01       		.uleb128 0x1
 215 000c 0F010000 		.4byte	.LASF34
 216 0010 0C       		.byte	0xc
 217 0011 37020000 		.4byte	.LASF35
 218 0015 40000000 		.4byte	.LASF36
 219 0019 00000000 		.4byte	.Ldebug_ranges0+0
 220 001d 00000000 		.4byte	0
 221 0021 00000000 		.4byte	.Ldebug_line0
 222 0025 02       		.uleb128 0x2
 223 0026 01       		.byte	0x1
 224 0027 06       		.byte	0x6
 225 0028 58020000 		.4byte	.LASF0
 226 002c 02       		.uleb128 0x2
 227 002d 01       		.byte	0x1
 228 002e 08       		.byte	0x8
 229 002f E3000000 		.4byte	.LASF1
 230 0033 02       		.uleb128 0x2
 231 0034 02       		.byte	0x2
 232 0035 05       		.byte	0x5
 233 0036 AD010000 		.4byte	.LASF2
 234 003a 02       		.uleb128 0x2
 235 003b 02       		.byte	0x2
 236 003c 07       		.byte	0x7
 237 003d AE000000 		.4byte	.LASF3
 238 0041 02       		.uleb128 0x2
 239 0042 04       		.byte	0x4
 240 0043 05       		.byte	0x5
 241 0044 43020000 		.4byte	.LASF4
 242 0048 02       		.uleb128 0x2
 243 0049 04       		.byte	0x4
ARM GAS  C:\Users\ANDRES~1\AppData\Local\Temp\cc7eqswK.s 			page 7


 244 004a 07       		.byte	0x7
 245 004b F7000000 		.4byte	.LASF5
 246 004f 02       		.uleb128 0x2
 247 0050 08       		.byte	0x8
 248 0051 05       		.byte	0x5
 249 0052 0D020000 		.4byte	.LASF6
 250 0056 02       		.uleb128 0x2
 251 0057 08       		.byte	0x8
 252 0058 07       		.byte	0x7
 253 0059 E6010000 		.4byte	.LASF7
 254 005d 03       		.uleb128 0x3
 255 005e 04       		.byte	0x4
 256 005f 05       		.byte	0x5
 257 0060 696E7400 		.ascii	"int\000"
 258 0064 02       		.uleb128 0x2
 259 0065 04       		.byte	0x4
 260 0066 07       		.byte	0x7
 261 0067 D9010000 		.4byte	.LASF8
 262 006b 04       		.uleb128 0x4
 263 006c 31020000 		.4byte	.LASF9
 264 0070 02       		.byte	0x2
 265 0071 E401     		.2byte	0x1e4
 266 0073 2C000000 		.4byte	0x2c
 267 0077 04       		.uleb128 0x4
 268 0078 C4010000 		.4byte	.LASF10
 269 007c 02       		.byte	0x2
 270 007d E501     		.2byte	0x1e5
 271 007f 3A000000 		.4byte	0x3a
 272 0083 04       		.uleb128 0x4
 273 0084 F1000000 		.4byte	.LASF11
 274 0088 02       		.byte	0x2
 275 0089 E801     		.2byte	0x1e8
 276 008b 33000000 		.4byte	0x33
 277 008f 04       		.uleb128 0x4
 278 0090 09010000 		.4byte	.LASF12
 279 0094 02       		.byte	0x2
 280 0095 E901     		.2byte	0x1e9
 281 0097 41000000 		.4byte	0x41
 282 009b 02       		.uleb128 0x2
 283 009c 04       		.byte	0x4
 284 009d 04       		.byte	0x4
 285 009e CB000000 		.4byte	.LASF13
 286 00a2 02       		.uleb128 0x2
 287 00a3 08       		.byte	0x8
 288 00a4 04       		.byte	0x4
 289 00a5 A6010000 		.4byte	.LASF14
 290 00a9 02       		.uleb128 0x2
 291 00aa 01       		.byte	0x1
 292 00ab 08       		.byte	0x8
 293 00ac 1B020000 		.4byte	.LASF15
 294 00b0 02       		.uleb128 0x2
 295 00b1 08       		.byte	0x8
 296 00b2 04       		.byte	0x4
 297 00b3 4C020000 		.4byte	.LASF16
 298 00b7 02       		.uleb128 0x2
 299 00b8 04       		.byte	0x4
 300 00b9 07       		.byte	0x7
ARM GAS  C:\Users\ANDRES~1\AppData\Local\Temp\cc7eqswK.s 			page 8


 301 00ba 04020000 		.4byte	.LASF17
 302 00be 05       		.uleb128 0x5
 303 00bf 10       		.byte	0x10
 304 00c0 03       		.byte	0x3
 305 00c1 4C       		.byte	0x4c
 306 00c2 31010000 		.4byte	0x131
 307 00c6 06       		.uleb128 0x6
 308 00c7 44697200 		.ascii	"Dir\000"
 309 00cb 03       		.byte	0x3
 310 00cc 4E       		.byte	0x4e
 311 00cd 6B000000 		.4byte	0x6b
 312 00d1 00       		.byte	0
 313 00d2 07       		.uleb128 0x7
 314 00d3 28020000 		.4byte	.LASF18
 315 00d7 03       		.byte	0x3
 316 00d8 50       		.byte	0x50
 317 00d9 77000000 		.4byte	0x77
 318 00dd 02       		.byte	0x2
 319 00de 07       		.uleb128 0x7
 320 00df 34000000 		.4byte	.LASF19
 321 00e3 03       		.byte	0x3
 322 00e4 51       		.byte	0x51
 323 00e5 77000000 		.4byte	0x77
 324 00e9 04       		.byte	0x4
 325 00ea 06       		.uleb128 0x6
 326 00eb 6B7000   		.ascii	"kp\000"
 327 00ee 03       		.byte	0x3
 328 00ef 53       		.byte	0x53
 329 00f0 77000000 		.4byte	0x77
 330 00f4 06       		.byte	0x6
 331 00f5 06       		.uleb128 0x6
 332 00f6 6B6900   		.ascii	"ki\000"
 333 00f9 03       		.byte	0x3
 334 00fa 54       		.byte	0x54
 335 00fb 77000000 		.4byte	0x77
 336 00ff 08       		.byte	0x8
 337 0100 07       		.uleb128 0x7
 338 0101 08000000 		.4byte	.LASF20
 339 0105 03       		.byte	0x3
 340 0106 56       		.byte	0x56
 341 0107 77000000 		.4byte	0x77
 342 010b 0A       		.byte	0xa
 343 010c 07       		.uleb128 0x7
 344 010d 28000000 		.4byte	.LASF21
 345 0111 03       		.byte	0x3
 346 0112 57       		.byte	0x57
 347 0113 77000000 		.4byte	0x77
 348 0117 0C       		.byte	0xc
 349 0118 07       		.uleb128 0x7
 350 0119 C1000000 		.4byte	.LASF22
 351 011d 03       		.byte	0x3
 352 011e 58       		.byte	0x58
 353 011f 6B000000 		.4byte	0x6b
 354 0123 0E       		.byte	0xe
 355 0124 07       		.uleb128 0x7
 356 0125 D1010000 		.4byte	.LASF23
 357 0129 03       		.byte	0x3
ARM GAS  C:\Users\ANDRES~1\AppData\Local\Temp\cc7eqswK.s 			page 9


 358 012a 59       		.byte	0x59
 359 012b 6B000000 		.4byte	0x6b
 360 012f 0F       		.byte	0xf
 361 0130 00       		.byte	0
 362 0131 08       		.uleb128 0x8
 363 0132 20020000 		.4byte	.LASF24
 364 0136 03       		.byte	0x3
 365 0137 5A       		.byte	0x5a
 366 0138 BE000000 		.4byte	0xbe
 367 013c 09       		.uleb128 0x9
 368 013d D1000000 		.4byte	.LASF37
 369 0141 01       		.byte	0x1
 370 0142 3A       		.byte	0x3a
 371 0143 00000000 		.4byte	.LFB32
 372 0147 10010000 		.4byte	.LFE32-.LFB32
 373 014b 01       		.uleb128 0x1
 374 014c 9C       		.byte	0x9c
 375 014d A7010000 		.4byte	0x1a7
 376 0151 0A       		.uleb128 0xa
 377 0152 9D010000 		.4byte	.LASF25
 378 0156 01       		.byte	0x1
 379 0157 3C       		.byte	0x3c
 380 0158 83000000 		.4byte	0x83
 381 015c 02       		.uleb128 0x2
 382 015d 91       		.byte	0x91
 383 015e 72       		.sleb128 -14
 384 015f 0A       		.uleb128 0xa
 385 0160 B7010000 		.4byte	.LASF26
 386 0164 01       		.byte	0x1
 387 0165 3D       		.byte	0x3d
 388 0166 83000000 		.4byte	0x83
 389 016a 05       		.uleb128 0x5
 390 016b 03       		.byte	0x3
 391 016c 00000000 		.4byte	speedErrPrev.6319
 392 0170 0A       		.uleb128 0xa
 393 0171 14000000 		.4byte	.LASF27
 394 0175 01       		.byte	0x1
 395 0176 3E       		.byte	0x3e
 396 0177 83000000 		.4byte	0x83
 397 017b 02       		.uleb128 0x2
 398 017c 91       		.byte	0x91
 399 017d 6A       		.sleb128 -22
 400 017e 0A       		.uleb128 0xa
 401 017f FD010000 		.4byte	.LASF28
 402 0183 01       		.byte	0x1
 403 0184 3F       		.byte	0x3f
 404 0185 8F000000 		.4byte	0x8f
 405 0189 02       		.uleb128 0x2
 406 018a 91       		.byte	0x91
 407 018b 6C       		.sleb128 -20
 408 018c 0B       		.uleb128 0xb
 409 018d 6B7000   		.ascii	"kp\000"
 410 0190 01       		.byte	0x1
 411 0191 40       		.byte	0x40
 412 0192 77000000 		.4byte	0x77
 413 0196 02       		.uleb128 0x2
 414 0197 91       		.byte	0x91
ARM GAS  C:\Users\ANDRES~1\AppData\Local\Temp\cc7eqswK.s 			page 10


 415 0198 76       		.sleb128 -10
 416 0199 0B       		.uleb128 0xb
 417 019a 6B6900   		.ascii	"ki\000"
 418 019d 01       		.byte	0x1
 419 019e 40       		.byte	0x40
 420 019f 77000000 		.4byte	0x77
 421 01a3 02       		.uleb128 0x2
 422 01a4 91       		.byte	0x91
 423 01a5 74       		.sleb128 -12
 424 01a6 00       		.byte	0
 425 01a7 0C       		.uleb128 0xc
 426 01a8 CB010000 		.4byte	.LASF29
 427 01ac 01       		.byte	0x1
 428 01ad 2D       		.byte	0x2d
 429 01ae 8F000000 		.4byte	0x8f
 430 01b2 05       		.uleb128 0x5
 431 01b3 03       		.byte	0x3
 432 01b4 00000000 		.4byte	piOut
 433 01b8 0D       		.uleb128 0xd
 434 01b9 00000000 		.4byte	.LASF30
 435 01bd 03       		.byte	0x3
 436 01be 68       		.byte	0x68
 437 01bf 31010000 		.4byte	0x131
 438 01c3 0D       		.uleb128 0xd
 439 01c4 64020000 		.4byte	.LASF31
 440 01c8 03       		.byte	0x3
 441 01c9 69       		.byte	0x69
 442 01ca 77000000 		.4byte	0x77
 443 01ce 0D       		.uleb128 0xd
 444 01cf DA000000 		.4byte	.LASF32
 445 01d3 03       		.byte	0x3
 446 01d4 6A       		.byte	0x6a
 447 01d5 77000000 		.4byte	0x77
 448 01d9 0D       		.uleb128 0xd
 449 01da 1E000000 		.4byte	.LASF33
 450 01de 03       		.byte	0x3
 451 01df 71       		.byte	0x71
 452 01e0 6B000000 		.4byte	0x6b
 453 01e4 00       		.byte	0
 454              		.section	.debug_abbrev,"",%progbits
 455              	.Ldebug_abbrev0:
 456 0000 01       		.uleb128 0x1
 457 0001 11       		.uleb128 0x11
 458 0002 01       		.byte	0x1
 459 0003 25       		.uleb128 0x25
 460 0004 0E       		.uleb128 0xe
 461 0005 13       		.uleb128 0x13
 462 0006 0B       		.uleb128 0xb
 463 0007 03       		.uleb128 0x3
 464 0008 0E       		.uleb128 0xe
 465 0009 1B       		.uleb128 0x1b
 466 000a 0E       		.uleb128 0xe
 467 000b 55       		.uleb128 0x55
 468 000c 17       		.uleb128 0x17
 469 000d 11       		.uleb128 0x11
 470 000e 01       		.uleb128 0x1
 471 000f 10       		.uleb128 0x10
ARM GAS  C:\Users\ANDRES~1\AppData\Local\Temp\cc7eqswK.s 			page 11


 472 0010 17       		.uleb128 0x17
 473 0011 00       		.byte	0
 474 0012 00       		.byte	0
 475 0013 02       		.uleb128 0x2
 476 0014 24       		.uleb128 0x24
 477 0015 00       		.byte	0
 478 0016 0B       		.uleb128 0xb
 479 0017 0B       		.uleb128 0xb
 480 0018 3E       		.uleb128 0x3e
 481 0019 0B       		.uleb128 0xb
 482 001a 03       		.uleb128 0x3
 483 001b 0E       		.uleb128 0xe
 484 001c 00       		.byte	0
 485 001d 00       		.byte	0
 486 001e 03       		.uleb128 0x3
 487 001f 24       		.uleb128 0x24
 488 0020 00       		.byte	0
 489 0021 0B       		.uleb128 0xb
 490 0022 0B       		.uleb128 0xb
 491 0023 3E       		.uleb128 0x3e
 492 0024 0B       		.uleb128 0xb
 493 0025 03       		.uleb128 0x3
 494 0026 08       		.uleb128 0x8
 495 0027 00       		.byte	0
 496 0028 00       		.byte	0
 497 0029 04       		.uleb128 0x4
 498 002a 16       		.uleb128 0x16
 499 002b 00       		.byte	0
 500 002c 03       		.uleb128 0x3
 501 002d 0E       		.uleb128 0xe
 502 002e 3A       		.uleb128 0x3a
 503 002f 0B       		.uleb128 0xb
 504 0030 3B       		.uleb128 0x3b
 505 0031 05       		.uleb128 0x5
 506 0032 49       		.uleb128 0x49
 507 0033 13       		.uleb128 0x13
 508 0034 00       		.byte	0
 509 0035 00       		.byte	0
 510 0036 05       		.uleb128 0x5
 511 0037 13       		.uleb128 0x13
 512 0038 01       		.byte	0x1
 513 0039 0B       		.uleb128 0xb
 514 003a 0B       		.uleb128 0xb
 515 003b 3A       		.uleb128 0x3a
 516 003c 0B       		.uleb128 0xb
 517 003d 3B       		.uleb128 0x3b
 518 003e 0B       		.uleb128 0xb
 519 003f 01       		.uleb128 0x1
 520 0040 13       		.uleb128 0x13
 521 0041 00       		.byte	0
 522 0042 00       		.byte	0
 523 0043 06       		.uleb128 0x6
 524 0044 0D       		.uleb128 0xd
 525 0045 00       		.byte	0
 526 0046 03       		.uleb128 0x3
 527 0047 08       		.uleb128 0x8
 528 0048 3A       		.uleb128 0x3a
ARM GAS  C:\Users\ANDRES~1\AppData\Local\Temp\cc7eqswK.s 			page 12


 529 0049 0B       		.uleb128 0xb
 530 004a 3B       		.uleb128 0x3b
 531 004b 0B       		.uleb128 0xb
 532 004c 49       		.uleb128 0x49
 533 004d 13       		.uleb128 0x13
 534 004e 38       		.uleb128 0x38
 535 004f 0B       		.uleb128 0xb
 536 0050 00       		.byte	0
 537 0051 00       		.byte	0
 538 0052 07       		.uleb128 0x7
 539 0053 0D       		.uleb128 0xd
 540 0054 00       		.byte	0
 541 0055 03       		.uleb128 0x3
 542 0056 0E       		.uleb128 0xe
 543 0057 3A       		.uleb128 0x3a
 544 0058 0B       		.uleb128 0xb
 545 0059 3B       		.uleb128 0x3b
 546 005a 0B       		.uleb128 0xb
 547 005b 49       		.uleb128 0x49
 548 005c 13       		.uleb128 0x13
 549 005d 38       		.uleb128 0x38
 550 005e 0B       		.uleb128 0xb
 551 005f 00       		.byte	0
 552 0060 00       		.byte	0
 553 0061 08       		.uleb128 0x8
 554 0062 16       		.uleb128 0x16
 555 0063 00       		.byte	0
 556 0064 03       		.uleb128 0x3
 557 0065 0E       		.uleb128 0xe
 558 0066 3A       		.uleb128 0x3a
 559 0067 0B       		.uleb128 0xb
 560 0068 3B       		.uleb128 0x3b
 561 0069 0B       		.uleb128 0xb
 562 006a 49       		.uleb128 0x49
 563 006b 13       		.uleb128 0x13
 564 006c 00       		.byte	0
 565 006d 00       		.byte	0
 566 006e 09       		.uleb128 0x9
 567 006f 2E       		.uleb128 0x2e
 568 0070 01       		.byte	0x1
 569 0071 3F       		.uleb128 0x3f
 570 0072 19       		.uleb128 0x19
 571 0073 03       		.uleb128 0x3
 572 0074 0E       		.uleb128 0xe
 573 0075 3A       		.uleb128 0x3a
 574 0076 0B       		.uleb128 0xb
 575 0077 3B       		.uleb128 0x3b
 576 0078 0B       		.uleb128 0xb
 577 0079 27       		.uleb128 0x27
 578 007a 19       		.uleb128 0x19
 579 007b 11       		.uleb128 0x11
 580 007c 01       		.uleb128 0x1
 581 007d 12       		.uleb128 0x12
 582 007e 06       		.uleb128 0x6
 583 007f 40       		.uleb128 0x40
 584 0080 18       		.uleb128 0x18
 585 0081 9642     		.uleb128 0x2116
ARM GAS  C:\Users\ANDRES~1\AppData\Local\Temp\cc7eqswK.s 			page 13


 586 0083 19       		.uleb128 0x19
 587 0084 01       		.uleb128 0x1
 588 0085 13       		.uleb128 0x13
 589 0086 00       		.byte	0
 590 0087 00       		.byte	0
 591 0088 0A       		.uleb128 0xa
 592 0089 34       		.uleb128 0x34
 593 008a 00       		.byte	0
 594 008b 03       		.uleb128 0x3
 595 008c 0E       		.uleb128 0xe
 596 008d 3A       		.uleb128 0x3a
 597 008e 0B       		.uleb128 0xb
 598 008f 3B       		.uleb128 0x3b
 599 0090 0B       		.uleb128 0xb
 600 0091 49       		.uleb128 0x49
 601 0092 13       		.uleb128 0x13
 602 0093 02       		.uleb128 0x2
 603 0094 18       		.uleb128 0x18
 604 0095 00       		.byte	0
 605 0096 00       		.byte	0
 606 0097 0B       		.uleb128 0xb
 607 0098 34       		.uleb128 0x34
 608 0099 00       		.byte	0
 609 009a 03       		.uleb128 0x3
 610 009b 08       		.uleb128 0x8
 611 009c 3A       		.uleb128 0x3a
 612 009d 0B       		.uleb128 0xb
 613 009e 3B       		.uleb128 0x3b
 614 009f 0B       		.uleb128 0xb
 615 00a0 49       		.uleb128 0x49
 616 00a1 13       		.uleb128 0x13
 617 00a2 02       		.uleb128 0x2
 618 00a3 18       		.uleb128 0x18
 619 00a4 00       		.byte	0
 620 00a5 00       		.byte	0
 621 00a6 0C       		.uleb128 0xc
 622 00a7 34       		.uleb128 0x34
 623 00a8 00       		.byte	0
 624 00a9 03       		.uleb128 0x3
 625 00aa 0E       		.uleb128 0xe
 626 00ab 3A       		.uleb128 0x3a
 627 00ac 0B       		.uleb128 0xb
 628 00ad 3B       		.uleb128 0x3b
 629 00ae 0B       		.uleb128 0xb
 630 00af 49       		.uleb128 0x49
 631 00b0 13       		.uleb128 0x13
 632 00b1 3F       		.uleb128 0x3f
 633 00b2 19       		.uleb128 0x19
 634 00b3 02       		.uleb128 0x2
 635 00b4 18       		.uleb128 0x18
 636 00b5 00       		.byte	0
 637 00b6 00       		.byte	0
 638 00b7 0D       		.uleb128 0xd
 639 00b8 34       		.uleb128 0x34
 640 00b9 00       		.byte	0
 641 00ba 03       		.uleb128 0x3
 642 00bb 0E       		.uleb128 0xe
ARM GAS  C:\Users\ANDRES~1\AppData\Local\Temp\cc7eqswK.s 			page 14


 643 00bc 3A       		.uleb128 0x3a
 644 00bd 0B       		.uleb128 0xb
 645 00be 3B       		.uleb128 0x3b
 646 00bf 0B       		.uleb128 0xb
 647 00c0 49       		.uleb128 0x49
 648 00c1 13       		.uleb128 0x13
 649 00c2 3F       		.uleb128 0x3f
 650 00c3 19       		.uleb128 0x19
 651 00c4 3C       		.uleb128 0x3c
 652 00c5 19       		.uleb128 0x19
 653 00c6 00       		.byte	0
 654 00c7 00       		.byte	0
 655 00c8 00       		.byte	0
 656              		.section	.debug_aranges,"",%progbits
 657 0000 1C000000 		.4byte	0x1c
 658 0004 0200     		.2byte	0x2
 659 0006 00000000 		.4byte	.Ldebug_info0
 660 000a 04       		.byte	0x4
 661 000b 00       		.byte	0
 662 000c 0000     		.2byte	0
 663 000e 0000     		.2byte	0
 664 0010 00000000 		.4byte	.LFB32
 665 0014 10010000 		.4byte	.LFE32-.LFB32
 666 0018 00000000 		.4byte	0
 667 001c 00000000 		.4byte	0
 668              		.section	.debug_ranges,"",%progbits
 669              	.Ldebug_ranges0:
 670 0000 00000000 		.4byte	.LFB32
 671 0004 10010000 		.4byte	.LFE32
 672 0008 00000000 		.4byte	0
 673 000c 00000000 		.4byte	0
 674              		.section	.debug_line,"",%progbits
 675              	.Ldebug_line0:
 676 0000 79000000 		.section	.debug_str,"MS",%progbits,1
 676      02005100 
 676      00000201 
 676      FB0E0D00 
 676      01010101 
 677              	.LASF30:
 678 0000 55495F44 		.ascii	"UI_Data\000"
 678      61746100 
 679              	.LASF20:
 680 0008 6D617853 		.ascii	"maxSpeedRpm\000"
 680      70656564 
 680      52706D00 
 681              	.LASF27:
 682 0014 73706565 		.ascii	"speedErr2\000"
 682      64457272 
 682      3200
 683              	.LASF33:
 684 001e 64757479 		.ascii	"dutyCycle\000"
 684      4379636C 
 684      6500
 685              	.LASF21:
 686 0028 6D696E53 		.ascii	"minSpeedRpm\000"
 686      70656564 
 686      52706D00 
ARM GAS  C:\Users\ANDRES~1\AppData\Local\Temp\cc7eqswK.s 			page 15


 687              	.LASF19:
 688 0034 73706565 		.ascii	"speedRpmRef\000"
 688      6452706D 
 688      52656600 
 689              	.LASF36:
 690 0040 433A5C55 		.ascii	"C:\\Users\\Andres Elizondo\\Documents\\PSoC Creator"
 690      73657273 
 690      5C416E64 
 690      72657320 
 690      456C697A 
 691 006f 5C53656E 		.ascii	"\\Sensored BLDC Motor Control\\Sensored BLDC Motor "
 691      736F7265 
 691      6420424C 
 691      4443204D 
 691      6F746F72 
 692 00a0 436F6E74 		.ascii	"Control.cydsn\000"
 692      726F6C2E 
 692      63796473 
 692      6E00
 693              	.LASF3:
 694 00ae 73686F72 		.ascii	"short unsigned int\000"
 694      7420756E 
 694      7369676E 
 694      65642069 
 694      6E7400
 695              	.LASF22:
 696 00c1 706F6C65 		.ascii	"polePairs\000"
 696      50616972 
 696      7300
 697              	.LASF13:
 698 00cb 666C6F61 		.ascii	"float\000"
 698      7400
 699              	.LASF37:
 700 00d1 53706565 		.ascii	"SpeedPID\000"
 700      64504944 
 700      00
 701              	.LASF32:
 702 00da 73706565 		.ascii	"speedCur\000"
 702      64437572 
 702      00
 703              	.LASF1:
 704 00e3 756E7369 		.ascii	"unsigned char\000"
 704      676E6564 
 704      20636861 
 704      7200
 705              	.LASF11:
 706 00f1 696E7431 		.ascii	"int16\000"
 706      3600
 707              	.LASF5:
 708 00f7 6C6F6E67 		.ascii	"long unsigned int\000"
 708      20756E73 
 708      69676E65 
 708      6420696E 
 708      7400
 709              	.LASF12:
 710 0109 696E7433 		.ascii	"int32\000"
 710      3200
ARM GAS  C:\Users\ANDRES~1\AppData\Local\Temp\cc7eqswK.s 			page 16


 711              	.LASF34:
 712 010f 474E5520 		.ascii	"GNU C11 5.4.1 20160609 (release) [ARM/embedded-5-br"
 712      43313120 
 712      352E342E 
 712      31203230 
 712      31363036 
 713 0142 616E6368 		.ascii	"anch revision 237715] -mcpu=cortex-m0 -mthumb -g -O"
 713      20726576 
 713      6973696F 
 713      6E203233 
 713      37373135 
 714 0175 30202D66 		.ascii	"0 -ffunction-sections -ffat-lto-objects\000"
 714      66756E63 
 714      74696F6E 
 714      2D736563 
 714      74696F6E 
 715              	.LASF25:
 716 019d 73706565 		.ascii	"speedErr\000"
 716      64457272 
 716      00
 717              	.LASF14:
 718 01a6 646F7562 		.ascii	"double\000"
 718      6C6500
 719              	.LASF2:
 720 01ad 73686F72 		.ascii	"short int\000"
 720      7420696E 
 720      7400
 721              	.LASF26:
 722 01b7 73706565 		.ascii	"speedErrPrev\000"
 722      64457272 
 722      50726576 
 722      00
 723              	.LASF10:
 724 01c4 75696E74 		.ascii	"uint16\000"
 724      313600
 725              	.LASF29:
 726 01cb 70694F75 		.ascii	"piOut\000"
 726      7400
 727              	.LASF23:
 728 01d1 6D617843 		.ascii	"maxCurr\000"
 728      75727200 
 729              	.LASF8:
 730 01d9 756E7369 		.ascii	"unsigned int\000"
 730      676E6564 
 730      20696E74 
 730      00
 731              	.LASF7:
 732 01e6 6C6F6E67 		.ascii	"long long unsigned int\000"
 732      206C6F6E 
 732      6720756E 
 732      7369676E 
 732      65642069 
 733              	.LASF28:
 734 01fd 72657375 		.ascii	"result\000"
 734      6C7400
 735              	.LASF17:
 736 0204 73697A65 		.ascii	"sizetype\000"
ARM GAS  C:\Users\ANDRES~1\AppData\Local\Temp\cc7eqswK.s 			page 17


 736      74797065 
 736      00
 737              	.LASF6:
 738 020d 6C6F6E67 		.ascii	"long long int\000"
 738      206C6F6E 
 738      6720696E 
 738      7400
 739              	.LASF15:
 740 021b 63686172 		.ascii	"char\000"
 740      00
 741              	.LASF24:
 742 0220 55495F44 		.ascii	"UI_DATA\000"
 742      41544100 
 743              	.LASF18:
 744 0228 73706565 		.ascii	"speedRpm\000"
 744      6452706D 
 744      00
 745              	.LASF9:
 746 0231 75696E74 		.ascii	"uint8\000"
 746      3800
 747              	.LASF35:
 748 0237 73706565 		.ascii	"speedloop.c\000"
 748      646C6F6F 
 748      702E6300 
 749              	.LASF4:
 750 0243 6C6F6E67 		.ascii	"long int\000"
 750      20696E74 
 750      00
 751              	.LASF16:
 752 024c 6C6F6E67 		.ascii	"long double\000"
 752      20646F75 
 752      626C6500 
 753              	.LASF0:
 754 0258 7369676E 		.ascii	"signed char\000"
 754      65642063 
 754      68617200 
 755              	.LASF31:
 756 0264 73706565 		.ascii	"speedRef\000"
 756      64526566 
 756      00
 757              		.ident	"GCC: (GNU Tools for ARM Embedded Processors) 5.4.1 20160609 (release) [ARM/embedded-5-bran
